<?xml version="1.0" encoding="UTF-8"?>
<testsuites>
  <testsuite name="Application Test Suite" tests="255" assertions="612" failures="0" errors="0" time="0.735749">
    <testsuite name="ZendTest\Expressive\AppFactoryTest" file="/var/lib/jenkins/workspace/CI-symfony1/test/AppFactoryTest.php" tests="7" assertions="9" failures="0" errors="0" time="0.009111">
      <testcase name="testFactoryReturnsApplicationInstance" class="ZendTest\Expressive\AppFactoryTest" file="/var/lib/jenkins/workspace/CI-symfony1/test/AppFactoryTest.php" line="36" assertions="1" time="0.006531"/>
      <testcase name="testFactoryUsesFastRouteByDefault" class="ZendTest\Expressive\AppFactoryTest" file="/var/lib/jenkins/workspace/CI-symfony1/test/AppFactoryTest.php" line="42" assertions="1" time="0.000067"/>
      <testcase name="testFactoryUsesZf2ServiceManagerByDefault" class="ZendTest\Expressive\AppFactoryTest" file="/var/lib/jenkins/workspace/CI-symfony1/test/AppFactoryTest.php" line="49" assertions="1" time="0.000053"/>
      <testcase name="testFactoryUsesEmitterStackWithSapiEmitterComposedByDefault" class="ZendTest\Expressive\AppFactoryTest" file="/var/lib/jenkins/workspace/CI-symfony1/test/AppFactoryTest.php" line="56" assertions="3" time="0.000264"/>
      <testcase name="testFactoryAllowsPassingContainerToUse" class="ZendTest\Expressive\AppFactoryTest" file="/var/lib/jenkins/workspace/CI-symfony1/test/AppFactoryTest.php" line="66" assertions="1" time="0.001020"/>
      <testcase name="testFactoryAllowsPassingRouterToUse" class="ZendTest\Expressive\AppFactoryTest" file="/var/lib/jenkins/workspace/CI-symfony1/test/AppFactoryTest.php" line="74" assertions="1" time="0.001024"/>
      <testcase name="testCannotInstantiateExternally" class="ZendTest\Expressive\AppFactoryTest" file="/var/lib/jenkins/workspace/CI-symfony1/test/AppFactoryTest.php" line="85" assertions="1" time="0.000152"/>
    </testsuite>
    <testsuite name="ZendTest\Expressive\ApplicationTest" file="/var/lib/jenkins/workspace/CI-symfony1/test/ApplicationTest.php" tests="53" assertions="129" failures="0" errors="0" time="0.045519">
      <testcase name="testConstructorAcceptsRouterAsAnArgument" class="ZendTest\Expressive\ApplicationTest" file="/var/lib/jenkins/workspace/CI-symfony1/test/ApplicationTest.php" line="68" assertions="1" time="0.000367"/>
      <testcase name="testApplicationIsAMiddlewarePipe" class="ZendTest\Expressive\ApplicationTest" file="/var/lib/jenkins/workspace/CI-symfony1/test/ApplicationTest.php" line="74" assertions="1" time="0.000406"/>
      <testcase name="testRouteMethodReturnsRouteInstance" class="ZendTest\Expressive\ApplicationTest" file="/var/lib/jenkins/workspace/CI-symfony1/test/ApplicationTest.php" line="80" assertions="4" time="0.002972"/>
      <testcase name="testAnyRouteMethod" class="ZendTest\Expressive\ApplicationTest" file="/var/lib/jenkins/workspace/CI-symfony1/test/ApplicationTest.php" line="89" assertions="5" time="0.000683"/>
      <testsuite name="ZendTest\Expressive\ApplicationTest::testCanCallRouteWithHttpMethods" tests="5" assertions="30" failures="0" errors="0" time="0.002463">
        <testcase name="testCanCallRouteWithHttpMethods with data set &quot;GET&quot;" assertions="6" time="0.000606"/>
        <testcase name="testCanCallRouteWithHttpMethods with data set &quot;POST&quot;" assertions="6" time="0.000444"/>
        <testcase name="testCanCallRouteWithHttpMethods with data set &quot;PUT&quot;" assertions="6" time="0.000483"/>
        <testcase name="testCanCallRouteWithHttpMethods with data set &quot;PATCH&quot;" assertions="6" time="0.000493"/>
        <testcase name="testCanCallRouteWithHttpMethods with data set &quot;DELETE&quot;" assertions="6" time="0.000437"/>
      </testsuite>
      <testcase name="testCanCallRouteWithMultipleHttpMethods" class="ZendTest\Expressive\ApplicationTest" file="/var/lib/jenkins/workspace/CI-symfony1/test/ApplicationTest.php" line="113" assertions="5" time="0.000442"/>
      <testcase name="testCanCallRouteWithARoute" class="ZendTest\Expressive\ApplicationTest" file="/var/lib/jenkins/workspace/CI-symfony1/test/ApplicationTest.php" line="124" assertions="2" time="0.000727"/>
      <testcase name="testCallingRouteWithExistingPathAndOmittingMethodsArgumentRaisesException" class="ZendTest\Expressive\ApplicationTest" file="/var/lib/jenkins/workspace/CI-symfony1/test/ApplicationTest.php" line="133" assertions="2" time="0.001066"/>
      <testcase name="testCallingRouteWithOnlyAPathRaisesAnException" class="ZendTest\Expressive\ApplicationTest" file="/var/lib/jenkins/workspace/CI-symfony1/test/ApplicationTest.php" line="144" assertions="1" time="0.000468"/>
      <testsuite name="ZendTest\Expressive\ApplicationTest::testCallingRouteWithAnInvalidPathTypeRaisesAnException" tests="9" assertions="9" failures="0" errors="0" time="0.003779">
        <testcase name="testCallingRouteWithAnInvalidPathTypeRaisesAnException with data set &quot;null&quot;" assertions="1" time="0.000591"/>
        <testcase name="testCallingRouteWithAnInvalidPathTypeRaisesAnException with data set &quot;true&quot;" assertions="1" time="0.000425"/>
        <testcase name="testCallingRouteWithAnInvalidPathTypeRaisesAnException with data set &quot;false&quot;" assertions="1" time="0.000389"/>
        <testcase name="testCallingRouteWithAnInvalidPathTypeRaisesAnException with data set &quot;zero&quot;" assertions="1" time="0.000424"/>
        <testcase name="testCallingRouteWithAnInvalidPathTypeRaisesAnException with data set &quot;int&quot;" assertions="1" time="0.000404"/>
        <testcase name="testCallingRouteWithAnInvalidPathTypeRaisesAnException with data set &quot;zero-float&quot;" assertions="1" time="0.000395"/>
        <testcase name="testCallingRouteWithAnInvalidPathTypeRaisesAnException with data set &quot;float&quot;" assertions="1" time="0.000370"/>
        <testcase name="testCallingRouteWithAnInvalidPathTypeRaisesAnException with data set &quot;array&quot;" assertions="1" time="0.000383"/>
        <testcase name="testCallingRouteWithAnInvalidPathTypeRaisesAnException with data set &quot;object&quot;" assertions="1" time="0.000398"/>
      </testsuite>
      <testsuite name="ZendTest\Expressive\ApplicationTest::testCommonHttpMethodsAreExposedAsClassMethodsAndReturnRoutes" tests="5" assertions="20" failures="0" errors="0" time="0.002051">
        <testcase name="testCommonHttpMethodsAreExposedAsClassMethodsAndReturnRoutes with data set &quot;GET&quot;" assertions="4" time="0.000402"/>
        <testcase name="testCommonHttpMethodsAreExposedAsClassMethodsAndReturnRoutes with data set &quot;POST&quot;" assertions="4" time="0.000414"/>
        <testcase name="testCommonHttpMethodsAreExposedAsClassMethodsAndReturnRoutes with data set &quot;PUT&quot;" assertions="4" time="0.000401"/>
        <testcase name="testCommonHttpMethodsAreExposedAsClassMethodsAndReturnRoutes with data set &quot;PATCH&quot;" assertions="4" time="0.000445"/>
        <testcase name="testCommonHttpMethodsAreExposedAsClassMethodsAndReturnRoutes with data set &quot;DELETE&quot;" assertions="4" time="0.000389"/>
      </testsuite>
      <testcase name="testCreatingHttpRouteMethodWithExistingPathButDifferentMethodCreatesNewRouteInstance" class="ZendTest\Expressive\ApplicationTest" file="/var/lib/jenkins/workspace/CI-symfony1/test/ApplicationTest.php" line="189" assertions="5" time="0.000694"/>
      <testcase name="testCreatingHttpRouteWithExistingPathAndMethodRaisesException" class="ZendTest\Expressive\ApplicationTest" file="/var/lib/jenkins/workspace/CI-symfony1/test/ApplicationTest.php" line="204" assertions="2" time="0.000547"/>
      <testcase name="testRouteAndDispatchMiddlewareAreNotPipedAtInstantation" class="ZendTest\Expressive\ApplicationTest" file="/var/lib/jenkins/workspace/CI-symfony1/test/ApplicationTest.php" line="215" assertions="1" time="0.000361"/>
      <testcase name="testDispatchMiddlewareCanDispatchArrayOfMiddlewareAsMiddlewarePipe" class="ZendTest\Expressive\ApplicationTest" file="/var/lib/jenkins/workspace/CI-symfony1/test/ApplicationTest.php" line="226" assertions="0" time="0.008384"/>
      <testsuite name="ZendTest\Expressive\ApplicationTest::testThrowsExceptionWhenDispatchingUncallableMiddleware" tests="2" assertions="2" failures="0" errors="0" time="0.001011">
        <testcase name="testThrowsExceptionWhenDispatchingUncallableMiddleware with data set #0" assertions="1" time="0.000555"/>
        <testcase name="testThrowsExceptionWhenDispatchingUncallableMiddleware with data set #1" assertions="1" time="0.000456"/>
      </testsuite>
      <testcase name="testCannotPipeRouteMiddlewareMoreThanOnce" class="ZendTest\Expressive\ApplicationTest" file="/var/lib/jenkins/workspace/CI-symfony1/test/ApplicationTest.php" line="271" assertions="3" time="0.000386"/>
      <testcase name="testCannotPipeDispatchMiddlewareMoreThanOnce" class="ZendTest\Expressive\ApplicationTest" file="/var/lib/jenkins/workspace/CI-symfony1/test/ApplicationTest.php" line="291" assertions="3" time="0.000411"/>
      <testcase name="testCanInjectFinalHandlerViaConstructor" class="ZendTest\Expressive\ApplicationTest" file="/var/lib/jenkins/workspace/CI-symfony1/test/ApplicationTest.php" line="311" assertions="1" time="0.000364"/>
      <testcase name="testFinalHandlerIsUsedAtInvocationIfNoOutArgumentIsSupplied" class="ZendTest\Expressive\ApplicationTest" file="/var/lib/jenkins/workspace/CI-symfony1/test/ApplicationTest.php" line="320" assertions="1" time="0.001435"/>
      <testcase name="testComposesEmitterStackWithSapiEmitterByDefault" class="ZendTest\Expressive\ApplicationTest" file="/var/lib/jenkins/workspace/CI-symfony1/test/ApplicationTest.php" line="339" assertions="3" time="0.000363"/>
      <testcase name="testAllowsInjectingEmitterAtInstantiation" class="ZendTest\Expressive\ApplicationTest" file="/var/lib/jenkins/workspace/CI-symfony1/test/ApplicationTest.php" line="350" assertions="1" time="0.000653"/>
      <testcase name="testComposedEmitterIsCalledByRun" class="ZendTest\Expressive\ApplicationTest" file="/var/lib/jenkins/workspace/CI-symfony1/test/ApplicationTest.php" line="363" assertions="1" time="0.001696"/>
      <testcase name="testCallingGetContainerReturnsComposedInstance" class="ZendTest\Expressive\ApplicationTest" file="/var/lib/jenkins/workspace/CI-symfony1/test/ApplicationTest.php" line="386" assertions="1" time="0.000557"/>
      <testcase name="testCallingGetContainerWhenNoContainerComposedWillRaiseException" class="ZendTest\Expressive\ApplicationTest" file="/var/lib/jenkins/workspace/CI-symfony1/test/ApplicationTest.php" line="393" assertions="1" time="0.000512"/>
      <testcase name="testUnsupportedMethodCall" class="ZendTest\Expressive\ApplicationTest" file="/var/lib/jenkins/workspace/CI-symfony1/test/ApplicationTest.php" line="400" assertions="1" time="0.000454"/>
      <testcase name="testCallMethodWithCountOfArgsNotEqualsWith2" class="ZendTest\Expressive\ApplicationTest" file="/var/lib/jenkins/workspace/CI-symfony1/test/ApplicationTest.php" line="407" assertions="1" time="0.000432"/>
      <testcase name="testCanTriggerPipingOfRouteMiddleware" class="ZendTest\Expressive\ApplicationTest" file="/var/lib/jenkins/workspace/CI-symfony1/test/ApplicationTest.php" line="417" assertions="4" time="0.000399"/>
      <testcase name="testCanTriggerPipingOfDispatchMiddleware" class="ZendTest\Expressive\ApplicationTest" file="/var/lib/jenkins/workspace/CI-symfony1/test/ApplicationTest.php" line="434" assertions="4" time="0.000421"/>
      <testcase name="testPipingAllowsPassingMiddlewareServiceNameAsSoleArgument" class="ZendTest\Expressive\ApplicationTest" file="/var/lib/jenkins/workspace/CI-symfony1/test/ApplicationTest.php" line="454" assertions="2" time="0.001582"/>
      <testcase name="testAllowsPipingErrorMiddlewareUsingServiceNameAsSoleArgument" class="ZendTest\Expressive\ApplicationTest" file="/var/lib/jenkins/workspace/CI-symfony1/test/ApplicationTest.php" line="480" assertions="2" time="0.001586"/>
      <testcase name="testAllowsPipingMiddlewareAsServiceNameWithPath" class="ZendTest\Expressive\ApplicationTest" file="/var/lib/jenkins/workspace/CI-symfony1/test/ApplicationTest.php" line="506" assertions="2" time="0.001606"/>
      <testcase name="testPipingNotInvokableMiddlewareRisesException" class="ZendTest\Expressive\ApplicationTest" file="/var/lib/jenkins/workspace/CI-symfony1/test/ApplicationTest.php" line="532" assertions="2" time="0.001596"/>
      <testcase name="testAllowsPipingErrorMiddlewareAsServiceNameWithPath" class="ZendTest\Expressive\ApplicationTest" file="/var/lib/jenkins/workspace/CI-symfony1/test/ApplicationTest.php" line="557" assertions="2" time="0.001525"/>
      <testcase name="testAllowsPipingErrorMiddlewareWithoutPath" class="ZendTest\Expressive\ApplicationTest" file="/var/lib/jenkins/workspace/CI-symfony1/test/ApplicationTest.php" line="580" assertions="2" time="0.001536"/>
      <testcase name="testPipingNotInvokableErrorMiddlewareRisesException" class="ZendTest\Expressive\ApplicationTest" file="/var/lib/jenkins/workspace/CI-symfony1/test/ApplicationTest.php" line="603" assertions="2" time="0.001583"/>
    </testsuite>
    <testsuite name="ZendTest\Expressive\Container\ApplicationFactoryIntegrationTest" file="/var/lib/jenkins/workspace/CI-symfony1/test/Container/ApplicationFactoryIntegrationTest.php" tests="2" assertions="16" failures="0" errors="0" time="0.040684">
      <testcase name="testConfiguredErrorMiddlewarePipeIsExecutedWhenMiddlewareCallsNextWithError" class="ZendTest\Expressive\Container\ApplicationFactoryIntegrationTest" file="/var/lib/jenkins/workspace/CI-symfony1/test/Container/ApplicationFactoryIntegrationTest.php" line="53" assertions="8" time="0.020574"/>
      <testcase name="testConfiguredErrorMiddlewareIsExecutedWhenMiddlewareCallsNextWithError" class="ZendTest\Expressive\Container\ApplicationFactoryIntegrationTest" file="/var/lib/jenkins/workspace/CI-symfony1/test/Container/ApplicationFactoryIntegrationTest.php" line="142" assertions="8" time="0.020110"/>
    </testsuite>
    <testsuite name="ZendTest\Expressive\Container\ApplicationFactoryTest" file="/var/lib/jenkins/workspace/CI-symfony1/test/Container/ApplicationFactoryTest.php" tests="53" assertions="216" failures="0" errors="0" time="0.426307">
      <testcase name="testFactoryWillPullAllReplaceableDependenciesFromContainerWhenPresent" class="ZendTest\Expressive\Container\ApplicationFactoryTest" file="/var/lib/jenkins/workspace/CI-symfony1/test/Container/ApplicationFactoryTest.php" line="108" assertions="5" time="0.004974"/>
      <testsuite name="ZendTest\Expressive\Container\ApplicationFactoryTest::testFactorySetsUpRoutesFromConfig" tests="3" assertions="6" failures="0" errors="0" time="0.025708">
        <testcase name="testFactorySetsUpRoutesFromConfig with data set #0" assertions="2" time="0.006752"/>
        <testcase name="testFactorySetsUpRoutesFromConfig with data set #1" assertions="2" time="0.007053"/>
        <testcase name="testFactorySetsUpRoutesFromConfig with data set #2" assertions="2" time="0.011903"/>
      </testsuite>
      <testcase name="testNoRoutesAreAddedIfSpecDoesNotProvidePathOrMiddleware" class="ZendTest\Expressive\Container\ApplicationFactoryTest" file="/var/lib/jenkins/workspace/CI-symfony1/test/Container/ApplicationFactoryTest.php" line="164" assertions="1" time="0.007303"/>
      <testcase name="testWillUseSaneDefaultsForOptionalServices" class="ZendTest\Expressive\Container\ApplicationFactoryTest" file="/var/lib/jenkins/workspace/CI-symfony1/test/Container/ApplicationFactoryTest.php" line="187" assertions="7" time="0.005215"/>
      <testcase name="testCanPipeMiddlewareProvidedDuringConfigurationPriorToSettingRoutes" class="ZendTest\Expressive\Container\ApplicationFactoryTest" file="/var/lib/jenkins/workspace/CI-symfony1/test/Container/ApplicationFactoryTest.php" line="207" assertions="17" time="0.006841"/>
      <testcase name="testCanPipeMiddlewareProvidedDuringConfigurationAfterSettingRoutes" class="ZendTest\Expressive\Container\ApplicationFactoryTest" file="/var/lib/jenkins/workspace/CI-symfony1/test/Container/ApplicationFactoryTest.php" line="276" assertions="19" time="0.008467"/>
      <testcase name="testPipedMiddlewareAsServiceNamesAreReturnedAsClosuresThatPullFromContainer" class="ZendTest\Expressive\Container\ApplicationFactoryTest" file="/var/lib/jenkins/workspace/CI-symfony1/test/Container/ApplicationFactoryTest.php" line="347" assertions="9" time="0.008957"/>
      <testcase name="testMiddlewareIsNotAddedIfSpecIsInvalid" class="ZendTest\Expressive\Container\ApplicationFactoryTest" file="/var/lib/jenkins/workspace/CI-symfony1/test/Container/ApplicationFactoryTest.php" line="387" assertions="2" time="0.007820"/>
      <testsuite name="ZendTest\Expressive\Container\ApplicationFactoryTest::testRaisesExceptionForNonCallableNonServiceMiddleware" tests="9" assertions="9" failures="0" errors="0" time="0.068144">
        <testcase name="testRaisesExceptionForNonCallableNonServiceMiddleware with data set &quot;null&quot;" assertions="1" time="0.010715"/>
        <testcase name="testRaisesExceptionForNonCallableNonServiceMiddleware with data set &quot;true&quot;" assertions="1" time="0.010560"/>
        <testcase name="testRaisesExceptionForNonCallableNonServiceMiddleware with data set &quot;false&quot;" assertions="1" time="0.006515"/>
        <testcase name="testRaisesExceptionForNonCallableNonServiceMiddleware with data set &quot;zero&quot;" assertions="1" time="0.006623"/>
        <testcase name="testRaisesExceptionForNonCallableNonServiceMiddleware with data set &quot;int&quot;" assertions="1" time="0.006637"/>
        <testcase name="testRaisesExceptionForNonCallableNonServiceMiddleware with data set &quot;zero-float&quot;" assertions="1" time="0.006929"/>
        <testcase name="testRaisesExceptionForNonCallableNonServiceMiddleware with data set &quot;float&quot;" assertions="1" time="0.006715"/>
        <testcase name="testRaisesExceptionForNonCallableNonServiceMiddleware with data set &quot;array&quot;" assertions="1" time="0.006696"/>
        <testcase name="testRaisesExceptionForNonCallableNonServiceMiddleware with data set &quot;object&quot;" assertions="1" time="0.006754"/>
      </testsuite>
      <testcase name="testCanPipePreRoutingMiddlewareAsArray" class="ZendTest\Expressive\Container\ApplicationFactoryTest" file="/var/lib/jenkins/workspace/CI-symfony1/test/Container/ApplicationFactoryTest.php" line="448" assertions="1" time="0.012409"/>
      <testcase name="testCanPipePostRoutingMiddlewareAsArray" class="ZendTest\Expressive\Container\ApplicationFactoryTest" file="/var/lib/jenkins/workspace/CI-symfony1/test/Container/ApplicationFactoryTest.php" line="482" assertions="1" time="0.014061"/>
      <testcase name="testRaisesExceptionForPipedMiddlewareServiceNamesNotFoundInContainer" class="ZendTest\Expressive\Container\ApplicationFactoryTest" file="/var/lib/jenkins/workspace/CI-symfony1/test/Container/ApplicationFactoryTest.php" line="515" assertions="1" time="0.011436"/>
      <testcase name="testRaisesExceptionOnInvocationOfUninvokableServiceSpecifiedMiddlewarePulledFromContainer" class="ZendTest\Expressive\Container\ApplicationFactoryTest" file="/var/lib/jenkins/workspace/CI-symfony1/test/Container/ApplicationFactoryTest.php" line="533" assertions="11" time="0.015343"/>
      <testcase name="testCanSpecifyRouteViaConfigurationWithNoMethods" class="ZendTest\Expressive\Container\ApplicationFactoryTest" file="/var/lib/jenkins/workspace/CI-symfony1/test/Container/ApplicationFactoryTest.php" line="576" assertions="1" time="0.010391"/>
      <testcase name="testCanMarkPipedMiddlewareServiceAsErrorMiddleware" class="ZendTest\Expressive\Container\ApplicationFactoryTest" file="/var/lib/jenkins/workspace/CI-symfony1/test/Container/ApplicationFactoryTest.php" line="603" assertions="6" time="0.010994"/>
      <testcase name="testWillPipeRoutingMiddlewareEvenIfNoRoutesAreRegistered" class="ZendTest\Expressive\Container\ApplicationFactoryTest" file="/var/lib/jenkins/workspace/CI-symfony1/test/Container/ApplicationFactoryTest.php" line="640" assertions="17" time="0.006709"/>
      <testcase name="testCanSpecifyRouteNamesViaConfiguration" class="ZendTest\Expressive\Container\ApplicationFactoryTest" file="/var/lib/jenkins/workspace/CI-symfony1/test/Container/ApplicationFactoryTest.php" line="698" assertions="2" time="0.006432"/>
      <testcase name="testCanSpecifyRouteOptionsViaConfiguration" class="ZendTest\Expressive\Container\ApplicationFactoryTest" file="/var/lib/jenkins/workspace/CI-symfony1/test/Container/ApplicationFactoryTest.php" line="723" assertions="2" time="0.006556"/>
      <testcase name="testExceptionIsRaisedInCaseOfInvalidRouteMethodsConfiguration" class="ZendTest\Expressive\Container\ApplicationFactoryTest" file="/var/lib/jenkins/workspace/CI-symfony1/test/Container/ApplicationFactoryTest.php" line="758" assertions="2" time="0.006545"/>
      <testcase name="testExceptionIsRaisedInCaseOfInvalidRouteOptionsConfiguration" class="ZendTest\Expressive\Container\ApplicationFactoryTest" file="/var/lib/jenkins/workspace/CI-symfony1/test/Container/ApplicationFactoryTest.php" line="779" assertions="2" time="0.006442"/>
      <testcase name="testExceptionIsRaisedInCaseOfInvalidPreRoutingMiddlewarePipeline" class="ZendTest\Expressive\Container\ApplicationFactoryTest" file="/var/lib/jenkins/workspace/CI-symfony1/test/Container/ApplicationFactoryTest.php" line="803" assertions="3" time="0.010430"/>
      <testcase name="testExceptionIsRaisedInCaseOfInvalidPostRoutingMiddlewarePipeline" class="ZendTest\Expressive\Container\ApplicationFactoryTest" file="/var/lib/jenkins/workspace/CI-symfony1/test/Container/ApplicationFactoryTest.php" line="829" assertions="3" time="0.008526"/>
      <testcase name="testWillCreatePipelineBasedOnMiddlewareConfiguration" class="ZendTest\Expressive\Container\ApplicationFactoryTest" file="/var/lib/jenkins/workspace/CI-symfony1/test/Container/ApplicationFactoryTest.php" line="852" assertions="18" time="0.014629"/>
      <testsuite name="ZendTest\Expressive\Container\ApplicationFactoryTest::testRaisesExceptionIfMiddlewarePipelineConfigurationMixesMiddlewareAndPreOrPostRouting" tests="3" assertions="6" failures="0" errors="0" time="0.019831">
        <testcase name="testRaisesExceptionIfMiddlewarePipelineConfigurationMixesMiddlewareAndPreOrPostRouting with data set &quot;pre_routing&quot;" assertions="2" time="0.006620"/>
        <testcase name="testRaisesExceptionIfMiddlewarePipelineConfigurationMixesMiddlewareAndPreOrPostRouting with data set &quot;post_routing&quot;" assertions="2" time="0.006424"/>
        <testcase name="testRaisesExceptionIfMiddlewarePipelineConfigurationMixesMiddlewareAndPreOrPostRouting with data set &quot;pre_and_post&quot;" assertions="2" time="0.006787"/>
      </testsuite>
      <testsuite name="ZendTest\Expressive\Container\ApplicationFactoryTest::testRaisesDeprecationNoticeForUsageOfPreOrPostRoutingPipelineConfiguration" tests="2" assertions="4" failures="0" errors="0" time="0.014752">
        <testcase name="testRaisesDeprecationNoticeForUsageOfPreOrPostRoutingPipelineConfiguration with data set &quot;pre_routing&quot;" assertions="2" time="0.006704"/>
        <testcase name="testRaisesDeprecationNoticeForUsageOfPreOrPostRoutingPipelineConfiguration with data set &quot;post_routing&quot;" assertions="2" time="0.008048"/>
      </testsuite>
      <testsuite name="ZendTest\Expressive\Container\ApplicationFactoryTest::testProvidingRoutesAndNoPipelineImplicitlyRegistersRoutingAndDispatchMiddleware" tests="3" assertions="21" failures="0" errors="0" time="0.020092">
        <testcase name="testProvidingRoutesAndNoPipelineImplicitlyRegistersRoutingAndDispatchMiddleware with data set &quot;no-pipeline-defined&quot;" assertions="7" time="0.006585"/>
        <testcase name="testProvidingRoutesAndNoPipelineImplicitlyRegistersRoutingAndDispatchMiddleware with data set &quot;empty-pipeline&quot;" assertions="7" time="0.006670"/>
        <testcase name="testProvidingRoutesAndNoPipelineImplicitlyRegistersRoutingAndDispatchMiddleware with data set &quot;null-pipeline&quot;" assertions="7" time="0.006837"/>
      </testsuite>
      <testcase name="testPipelineContainingRoutingMiddlewareConstantPipesRoutingMiddleware" class="ZendTest\Expressive\Container\ApplicationFactoryTest" file="/var/lib/jenkins/workspace/CI-symfony1/test/Container/ApplicationFactoryTest.php" line="1052" assertions="1" time="0.006690"/>
      <testcase name="testPipelineContainingDispatchMiddlewareConstantPipesDispatchMiddleware" class="ZendTest\Expressive\Container\ApplicationFactoryTest" file="/var/lib/jenkins/workspace/CI-symfony1/test/Container/ApplicationFactoryTest.php" line="1065" assertions="1" time="0.006526"/>
      <testcase name="testPipelineContainingRouteResultObserverMiddlewareConstantPipesRelatedMiddleware" class="ZendTest\Expressive\Container\ApplicationFactoryTest" file="/var/lib/jenkins/workspace/CI-symfony1/test/Container/ApplicationFactoryTest.php" line="1081" assertions="1" time="0.006770"/>
      <testsuite name="ZendTest\Expressive\Container\ApplicationFactoryTest::testUsageOfDeprecatedConfigurationRegistersRouteResultObserverMiddleware" tests="2" assertions="4" failures="0" errors="0" time="0.014114">
        <testcase name="testUsageOfDeprecatedConfigurationRegistersRouteResultObserverMiddleware with data set &quot;pre_routing&quot;" assertions="2" time="0.007482"/>
        <testcase name="testUsageOfDeprecatedConfigurationRegistersRouteResultObserverMiddleware with data set &quot;post_routing&quot;" assertions="2" time="0.006632"/>
      </testsuite>
      <testcase name="testFactoryHonorsPriorityOrderWhenAttachingMiddleware" class="ZendTest\Expressive\Container\ApplicationFactoryTest" file="/var/lib/jenkins/workspace/CI-symfony1/test/Container/ApplicationFactoryTest.php" line="1116" assertions="3" time="0.006669"/>
      <testcase name="testMiddlewareWithoutPriorityIsGivenDefaultPriorityAndRegisteredInOrderReceived" class="ZendTest\Expressive\Container\ApplicationFactoryTest" file="/var/lib/jenkins/workspace/CI-symfony1/test/Container/ApplicationFactoryTest.php" line="1141" assertions="3" time="0.006657"/>
      <testcase name="testRoutingAndDispatchMiddlewareUseDefaultPriority" class="ZendTest\Expressive\Container\ApplicationFactoryTest" file="/var/lib/jenkins/workspace/CI-symfony1/test/Container/ApplicationFactoryTest.php" line="1166" assertions="6" time="0.006751"/>
      <testsuite name="ZendTest\Expressive\Container\ApplicationFactoryTest::testRoutingAndDispatchMiddlewareCanBeComposedWithinArrayStandardSpecification" tests="3" assertions="16" failures="0" errors="0" time="0.023241">
        <testcase name="testRoutingAndDispatchMiddlewareCanBeComposedWithinArrayStandardSpecification with data set &quot;routing-only&quot;" assertions="5" time="0.009482"/>
        <testcase name="testRoutingAndDispatchMiddlewareCanBeComposedWithinArrayStandardSpecification with data set &quot;dispatch-only&quot;" assertions="5" time="0.006930"/>
        <testcase name="testRoutingAndDispatchMiddlewareCanBeComposedWithinArrayStandardSpecification with data set &quot;both-routing-and-dispatch&quot;" assertions="6" time="0.006829"/>
      </testsuite>
      <testcase name="testProperlyRegistersNestedErrorMiddlewareAsLazyErrorMiddleware" class="ZendTest\Expressive\Container\ApplicationFactoryTest" file="/var/lib/jenkins/workspace/CI-symfony1/test/Container/ApplicationFactoryTest.php" line="1259" assertions="5" time="0.009882"/>
    </testsuite>
    <testsuite name="ZendTest\Expressive\Container\TemplatedErrorHandlerFactoryTest" file="/var/lib/jenkins/workspace/CI-symfony1/test/Container/TemplatedErrorHandlerFactoryTest.php" tests="3" assertions="6" failures="0" errors="0" time="0.004132">
      <testcase name="testReturnsATemplatedErrorHandler" class="ZendTest\Expressive\Container\TemplatedErrorHandlerFactoryTest" file="/var/lib/jenkins/workspace/CI-symfony1/test/Container/TemplatedErrorHandlerFactoryTest.php" line="35" assertions="1" time="0.000986"/>
      <testcase name="testWillInjectTemplateIntoErrorHandlerWhenServiceIsPresent" class="ZendTest\Expressive\Container\TemplatedErrorHandlerFactoryTest" file="/var/lib/jenkins/workspace/CI-symfony1/test/Container/TemplatedErrorHandlerFactoryTest.php" line="42" assertions="2" time="0.001861"/>
      <testcase name="testWillInjectTemplateNamesFromConfigurationWhenPresent" class="ZendTest\Expressive\Container\TemplatedErrorHandlerFactoryTest" file="/var/lib/jenkins/workspace/CI-symfony1/test/Container/TemplatedErrorHandlerFactoryTest.php" line="53" assertions="3" time="0.001285"/>
    </testsuite>
    <testsuite name="ZendTest\Expressive\Container\WhoopsErrorHandlerFactoryTest" file="/var/lib/jenkins/workspace/CI-symfony1/test/Container/WhoopsErrorHandlerFactoryTest.php" tests="3" assertions="6" failures="0" errors="0" time="0.027771">
      <testcase name="testReturnsAWhoopsErrorHandler" class="ZendTest\Expressive\Container\WhoopsErrorHandlerFactoryTest" file="/var/lib/jenkins/workspace/CI-symfony1/test/Container/WhoopsErrorHandlerFactoryTest.php" line="42" assertions="1" time="0.010034"/>
      <testcase name="testWillInjectTemplateIntoErrorHandlerWhenServiceIsPresent" class="ZendTest\Expressive\Container\WhoopsErrorHandlerFactoryTest" file="/var/lib/jenkins/workspace/CI-symfony1/test/Container/WhoopsErrorHandlerFactoryTest.php" line="49" assertions="2" time="0.009407"/>
      <testcase name="testWillInjectTemplateNamesFromConfigurationWhenPresent" class="ZendTest\Expressive\Container\WhoopsErrorHandlerFactoryTest" file="/var/lib/jenkins/workspace/CI-symfony1/test/Container/WhoopsErrorHandlerFactoryTest.php" line="60" assertions="3" time="0.008330"/>
    </testsuite>
    <testsuite name="ZendTest\Expressive\Container\WhoopsFactoryTest" file="/var/lib/jenkins/workspace/CI-symfony1/test/Container/WhoopsFactoryTest.php" tests="3" assertions="7" failures="0" errors="0" time="0.019813">
      <testcase name="testReturnsAWhoopsRuntimeWithPageHandlerComposed" class="ZendTest\Expressive\Container\WhoopsFactoryTest" file="/var/lib/jenkins/workspace/CI-symfony1/test/Container/WhoopsFactoryTest.php" line="58" assertions="2" time="0.006388"/>
      <testcase name="testWillInjectJsonResponseHandlerIfConfigurationExpectsIt" class="ZendTest\Expressive\Container\WhoopsFactoryTest" file="/var/lib/jenkins/workspace/CI-symfony1/test/Container/WhoopsFactoryTest.php" line="66" assertions="3" time="0.006788"/>
      <testcase name="testJsonResponseHandlerCanBeConfigured" class="ZendTest\Expressive\Container\WhoopsFactoryTest" file="/var/lib/jenkins/workspace/CI-symfony1/test/Container/WhoopsFactoryTest.php" line="81" assertions="2" time="0.006637"/>
    </testsuite>
    <testsuite name="ZendTest\Expressive\Container\WhoopsPageHandlerFactoryTest" file="/var/lib/jenkins/workspace/CI-symfony1/test/Container/WhoopsPageHandlerFactoryTest.php" tests="12" assertions="15" failures="0" errors="0" time="0.017720">
      <testcase name="testReturnsAPrettyPageHandler" class="ZendTest\Expressive\Container\WhoopsPageHandlerFactoryTest" file="/var/lib/jenkins/workspace/CI-symfony1/test/Container/WhoopsPageHandlerFactoryTest.php" line="35" assertions="1" time="0.000957"/>
      <testcase name="testWillInjectStringEditor" class="ZendTest\Expressive\Container\WhoopsPageHandlerFactoryTest" file="/var/lib/jenkins/workspace/CI-symfony1/test/Container/WhoopsPageHandlerFactoryTest.php" line="43" assertions="2" time="0.001698"/>
      <testcase name="testWillInjectCallableEditor" class="ZendTest\Expressive\Container\WhoopsPageHandlerFactoryTest" file="/var/lib/jenkins/workspace/CI-symfony1/test/Container/WhoopsPageHandlerFactoryTest.php" line="54" assertions="2" time="0.001373"/>
      <testcase name="testWillInjectEditorAsAService" class="ZendTest\Expressive\Container\WhoopsPageHandlerFactoryTest" file="/var/lib/jenkins/workspace/CI-symfony1/test/Container/WhoopsPageHandlerFactoryTest.php" line="70" assertions="2" time="0.002605"/>
      <testsuite name="ZendTest\Expressive\Container\WhoopsPageHandlerFactoryTest::testInvalidEditorWillRaiseException" tests="8" assertions="8" failures="0" errors="0" time="0.011087">
        <testcase name="testInvalidEditorWillRaiseException with data set &quot;true&quot;" assertions="1" time="0.001702"/>
        <testcase name="testInvalidEditorWillRaiseException with data set &quot;false&quot;" assertions="1" time="0.001299"/>
        <testcase name="testInvalidEditorWillRaiseException with data set &quot;zero&quot;" assertions="1" time="0.001260"/>
        <testcase name="testInvalidEditorWillRaiseException with data set &quot;int&quot;" assertions="1" time="0.001245"/>
        <testcase name="testInvalidEditorWillRaiseException with data set &quot;zero-float&quot;" assertions="1" time="0.001285"/>
        <testcase name="testInvalidEditorWillRaiseException with data set &quot;float&quot;" assertions="1" time="0.001267"/>
        <testcase name="testInvalidEditorWillRaiseException with data set &quot;array&quot;" assertions="1" time="0.001664"/>
        <testcase name="testInvalidEditorWillRaiseException with data set &quot;object&quot;" assertions="1" time="0.001365"/>
      </testsuite>
    </testsuite>
    <testsuite name="ZendTest\Expressive\Emitter\EmitterStackTest" file="/var/lib/jenkins/workspace/CI-symfony1/test/Emitter/EmitterStackTest.php" tests="35" assertions="36" failures="0" errors="0" time="0.004653">
      <testcase name="testIsAnSplStack" class="ZendTest\Expressive\Emitter\EmitterStackTest" file="/var/lib/jenkins/workspace/CI-symfony1/test/Emitter/EmitterStackTest.php" line="33" assertions="1" time="0.000064"/>
      <testcase name="testIsAnEmitterImplementation" class="ZendTest\Expressive\Emitter\EmitterStackTest" file="/var/lib/jenkins/workspace/CI-symfony1/test/Emitter/EmitterStackTest.php" line="38" assertions="1" time="0.000046"/>
      <testsuite name="ZendTest\Expressive\Emitter\EmitterStackTest::testCannotPushNonEmitterToStack" tests="10" assertions="10" failures="0" errors="0" time="0.000611">
        <testcase name="testCannotPushNonEmitterToStack with data set &quot;null&quot;" assertions="1" time="0.000067"/>
        <testcase name="testCannotPushNonEmitterToStack with data set &quot;true&quot;" assertions="1" time="0.000058"/>
        <testcase name="testCannotPushNonEmitterToStack with data set &quot;false&quot;" assertions="1" time="0.000056"/>
        <testcase name="testCannotPushNonEmitterToStack with data set &quot;zero&quot;" assertions="1" time="0.000062"/>
        <testcase name="testCannotPushNonEmitterToStack with data set &quot;int&quot;" assertions="1" time="0.000068"/>
        <testcase name="testCannotPushNonEmitterToStack with data set &quot;zero-float&quot;" assertions="1" time="0.000074"/>
        <testcase name="testCannotPushNonEmitterToStack with data set &quot;float&quot;" assertions="1" time="0.000057"/>
        <testcase name="testCannotPushNonEmitterToStack with data set &quot;string&quot;" assertions="1" time="0.000057"/>
        <testcase name="testCannotPushNonEmitterToStack with data set &quot;array&quot;" assertions="1" time="0.000056"/>
        <testcase name="testCannotPushNonEmitterToStack with data set &quot;object&quot;" assertions="1" time="0.000056"/>
      </testsuite>
      <testsuite name="ZendTest\Expressive\Emitter\EmitterStackTest::testCannotUnshiftNonEmitterToStack" tests="10" assertions="10" failures="0" errors="0" time="0.000571">
        <testcase name="testCannotUnshiftNonEmitterToStack with data set &quot;null&quot;" assertions="1" time="0.000060"/>
        <testcase name="testCannotUnshiftNonEmitterToStack with data set &quot;true&quot;" assertions="1" time="0.000061"/>
        <testcase name="testCannotUnshiftNonEmitterToStack with data set &quot;false&quot;" assertions="1" time="0.000057"/>
        <testcase name="testCannotUnshiftNonEmitterToStack with data set &quot;zero&quot;" assertions="1" time="0.000056"/>
        <testcase name="testCannotUnshiftNonEmitterToStack with data set &quot;int&quot;" assertions="1" time="0.000056"/>
        <testcase name="testCannotUnshiftNonEmitterToStack with data set &quot;zero-float&quot;" assertions="1" time="0.000056"/>
        <testcase name="testCannotUnshiftNonEmitterToStack with data set &quot;float&quot;" assertions="1" time="0.000056"/>
        <testcase name="testCannotUnshiftNonEmitterToStack with data set &quot;string&quot;" assertions="1" time="0.000057"/>
        <testcase name="testCannotUnshiftNonEmitterToStack with data set &quot;array&quot;" assertions="1" time="0.000055"/>
        <testcase name="testCannotUnshiftNonEmitterToStack with data set &quot;object&quot;" assertions="1" time="0.000057"/>
      </testsuite>
      <testsuite name="ZendTest\Expressive\Emitter\EmitterStackTest::testCannotSetNonEmitterToSpecificIndex" tests="10" assertions="10" failures="0" errors="0" time="0.000628">
        <testcase name="testCannotSetNonEmitterToSpecificIndex with data set &quot;null&quot;" assertions="1" time="0.000063"/>
        <testcase name="testCannotSetNonEmitterToSpecificIndex with data set &quot;true&quot;" assertions="1" time="0.000057"/>
        <testcase name="testCannotSetNonEmitterToSpecificIndex with data set &quot;false&quot;" assertions="1" time="0.000056"/>
        <testcase name="testCannotSetNonEmitterToSpecificIndex with data set &quot;zero&quot;" assertions="1" time="0.000056"/>
        <testcase name="testCannotSetNonEmitterToSpecificIndex with data set &quot;int&quot;" assertions="1" time="0.000055"/>
        <testcase name="testCannotSetNonEmitterToSpecificIndex with data set &quot;zero-float&quot;" assertions="1" time="0.000056"/>
        <testcase name="testCannotSetNonEmitterToSpecificIndex with data set &quot;float&quot;" assertions="1" time="0.000085"/>
        <testcase name="testCannotSetNonEmitterToSpecificIndex with data set &quot;string&quot;" assertions="1" time="0.000086"/>
        <testcase name="testCannotSetNonEmitterToSpecificIndex with data set &quot;array&quot;" assertions="1" time="0.000057"/>
        <testcase name="testCannotSetNonEmitterToSpecificIndex with data set &quot;object&quot;" assertions="1" time="0.000057"/>
      </testsuite>
      <testcase name="testOffsetSetReplacesExistingValue" class="ZendTest\Expressive\Emitter\EmitterStackTest" file="/var/lib/jenkins/workspace/CI-symfony1/test/Emitter/EmitterStackTest.php" line="86" assertions="1" time="0.000607"/>
      <testcase name="testUnshiftAddsNewEmitter" class="ZendTest\Expressive\Emitter\EmitterStackTest" file="/var/lib/jenkins/workspace/CI-symfony1/test/Emitter/EmitterStackTest.php" line="95" assertions="1" time="0.000497"/>
      <testcase name="testEmitLoopsThroughEmittersUntilOneReturnsNonFalseValue" class="ZendTest\Expressive\Emitter\EmitterStackTest" file="/var/lib/jenkins/workspace/CI-symfony1/test/Emitter/EmitterStackTest.php" line="104" assertions="2" time="0.001629"/>
    </testsuite>
    <testsuite name="ZendTest\Expressive\ErrorMiddlewarePipeTest" file="/var/lib/jenkins/workspace/CI-symfony1/test/ErrorMiddlewarePipeTest.php" tests="1" assertions="6" failures="0" errors="0" time="0.007468">
      <testcase name="testWillDispatchErrorMiddlewareComposedInInternalPipeline" class="ZendTest\Expressive\ErrorMiddlewarePipeTest" file="/var/lib/jenkins/workspace/CI-symfony1/test/ErrorMiddlewarePipeTest.php" line="29" assertions="6" time="0.007468"/>
    </testsuite>
    <testsuite name="ZendTest\Expressive\IntegrationTest" file="/var/lib/jenkins/workspace/CI-symfony1/test/IntegrationTest.php" tests="3" assertions="8" failures="0" errors="0" time="0.002834">
      <testcase name="testDefaultFinalHandlerCanEmitA404WhenNoMiddlewareMatches" class="ZendTest\Expressive\IntegrationTest" file="/var/lib/jenkins/workspace/CI-symfony1/test/IntegrationTest.php" line="56" assertions="3" time="0.001737"/>
      <testcase name="testInjectedFinalHandlerCanEmitA404WhenNoMiddlewareMatches" class="ZendTest\Expressive\IntegrationTest" file="/var/lib/jenkins/workspace/CI-symfony1/test/IntegrationTest.php" line="68" assertions="3" time="0.000550"/>
      <testcase name="testErrorMiddlewareDeprecationErrorHandlerWillNotOverridePreviouslyRegisteredErrorHandler" class="ZendTest\Expressive\IntegrationTest" file="/var/lib/jenkins/workspace/CI-symfony1/test/IntegrationTest.php" line="85" assertions="2" time="0.000547"/>
    </testsuite>
    <testsuite name="ZendTest\Expressive\RouteMiddlewareTest" file="/var/lib/jenkins/workspace/CI-symfony1/test/RouteMiddlewareTest.php" tests="56" assertions="111" failures="0" errors="0" time="0.066733">
      <testcase name="testRoutingFailureDueToHttpMethodCallsNextWithNotAllowedResponseAndError" class="ZendTest\Expressive\RouteMiddlewareTest" file="/var/lib/jenkins/workspace/CI-symfony1/test/RouteMiddlewareTest.php" line="51" assertions="6" time="0.000860"/>
      <testcase name="testRoutingFailureDueToHttpMethodCallsNextWithoutEmittingDeprecationNotice" class="ZendTest\Expressive\RouteMiddlewareTest" file="/var/lib/jenkins/workspace/CI-symfony1/test/RouteMiddlewareTest.php" line="80" assertions="6" time="0.000754"/>
      <testcase name="testGeneralRoutingFailureCallsNextWithSameRequestAndResponse" class="ZendTest\Expressive\RouteMiddlewareTest" file="/var/lib/jenkins/workspace/CI-symfony1/test/RouteMiddlewareTest.php" line="113" assertions="4" time="0.000656"/>
      <testcase name="testRoutingSuccessResolvingToCallableMiddlewareCanBeDispatched" class="ZendTest\Expressive\RouteMiddlewareTest" file="/var/lib/jenkins/workspace/CI-symfony1/test/RouteMiddlewareTest.php" line="134" assertions="1" time="0.000659"/>
      <testcase name="testRoutingSuccessWithoutMiddlewareRaisesExceptionInDispatch" class="ZendTest\Expressive\RouteMiddlewareTest" file="/var/lib/jenkins/workspace/CI-symfony1/test/RouteMiddlewareTest.php" line="162" assertions="2" time="0.000689"/>
      <testcase name="testRoutingSuccessResolvingToNonCallableNonStringMiddlewareRaisesExceptionAtDispatch" class="ZendTest\Expressive\RouteMiddlewareTest" file="/var/lib/jenkins/workspace/CI-symfony1/test/RouteMiddlewareTest.php" line="187" assertions="2" time="0.000712"/>
      <testcase name="testRoutingSuccessResolvingToUninvokableMiddlewareRaisesExceptionAtDispatch" class="ZendTest\Expressive\RouteMiddlewareTest" file="/var/lib/jenkins/workspace/CI-symfony1/test/RouteMiddlewareTest.php" line="212" assertions="2" time="0.000645"/>
      <testcase name="testRoutingSuccessResolvingToInvokableMiddlewareCallsItAtDispatch" class="ZendTest\Expressive\RouteMiddlewareTest" file="/var/lib/jenkins/workspace/CI-symfony1/test/RouteMiddlewareTest.php" line="239" assertions="3" time="0.000711"/>
      <testcase name="testRoutingSuccessResolvingToContainerMiddlewareCallsItAtDispatch" class="ZendTest\Expressive\RouteMiddlewareTest" file="/var/lib/jenkins/workspace/CI-symfony1/test/RouteMiddlewareTest.php" line="265" assertions="3" time="0.001856"/>
      <testsuite name="ZendTest\Expressive\RouteMiddlewareTest::testRoutingNoMatch" tests="3" assertions="6" failures="0" errors="0" time="0.018596">
        <testcase name="testRoutingNoMatch with data set &quot;aura&quot;" assertions="2" time="0.003718"/>
        <testcase name="testRoutingNoMatch with data set &quot;fast-route&quot;" assertions="2" time="0.001312"/>
        <testcase name="testRoutingNoMatch with data set &quot;zf2&quot;" assertions="2" time="0.013566"/>
      </testsuite>
      <testsuite name="ZendTest\Expressive\RouteMiddlewareTest::testRoutingWithSamePathWithoutName" tests="3" assertions="6" failures="0" errors="0" time="0.003070">
        <testcase name="testRoutingWithSamePathWithoutName with data set &quot;aura&quot;" assertions="2" time="0.001023"/>
        <testcase name="testRoutingWithSamePathWithoutName with data set &quot;fast-route&quot;" assertions="2" time="0.000815"/>
        <testcase name="testRoutingWithSamePathWithoutName with data set &quot;zf2&quot;" assertions="2" time="0.001232"/>
      </testsuite>
      <testsuite name="ZendTest\Expressive\RouteMiddlewareTest::testRoutingWithSamePathWithName" tests="3" assertions="6" failures="0" errors="0" time="0.002969">
        <testcase name="testRoutingWithSamePathWithName with data set &quot;aura&quot;" assertions="2" time="0.000917"/>
        <testcase name="testRoutingWithSamePathWithName with data set &quot;fast-route&quot;" assertions="2" time="0.000808"/>
        <testcase name="testRoutingWithSamePathWithName with data set &quot;zf2&quot;" assertions="2" time="0.001244"/>
      </testsuite>
      <testsuite name="ZendTest\Expressive\RouteMiddlewareTest::testRoutingWithSamePathWithRouteWithoutName" tests="3" assertions="6" failures="0" errors="0" time="0.002998">
        <testcase name="testRoutingWithSamePathWithRouteWithoutName with data set &quot;aura&quot;" assertions="2" time="0.000939"/>
        <testcase name="testRoutingWithSamePathWithRouteWithoutName with data set &quot;fast-route&quot;" assertions="2" time="0.000768"/>
        <testcase name="testRoutingWithSamePathWithRouteWithoutName with data set &quot;zf2&quot;" assertions="2" time="0.001291"/>
      </testsuite>
      <testsuite name="ZendTest\Expressive\RouteMiddlewareTest::testRoutingWithSamePathWithRouteWithName" tests="3" assertions="6" failures="0" errors="0" time="0.003088">
        <testcase name="testRoutingWithSamePathWithRouteWithName with data set &quot;aura&quot;" assertions="2" time="0.000943"/>
        <testcase name="testRoutingWithSamePathWithRouteWithName with data set &quot;fast-route&quot;" assertions="2" time="0.000832"/>
        <testcase name="testRoutingWithSamePathWithRouteWithName with data set &quot;zf2&quot;" assertions="2" time="0.001313"/>
      </testsuite>
      <testsuite name="ZendTest\Expressive\RouteMiddlewareTest::testRoutingWithSamePathWithRouteWithMultipleMethods" tests="3" assertions="9" failures="0" errors="0" time="0.003345">
        <testcase name="testRoutingWithSamePathWithRouteWithMultipleMethods with data set &quot;aura&quot;" assertions="3" time="0.001000"/>
        <testcase name="testRoutingWithSamePathWithRouteWithMultipleMethods with data set &quot;fast-route&quot;" assertions="3" time="0.000868"/>
        <testcase name="testRoutingWithSamePathWithRouteWithMultipleMethods with data set &quot;zf2&quot;" assertions="3" time="0.001477"/>
      </testsuite>
      <testsuite name="ZendTest\Expressive\RouteMiddlewareTest::testMatchWithAllHttpMethods" tests="21" assertions="21" failures="0" errors="0" time="0.016873">
        <testcase name="testMatchWithAllHttpMethods with data set #0" assertions="1" time="0.000771"/>
        <testcase name="testMatchWithAllHttpMethods with data set #1" assertions="1" time="0.000742"/>
        <testcase name="testMatchWithAllHttpMethods with data set #2" assertions="1" time="0.000740"/>
        <testcase name="testMatchWithAllHttpMethods with data set #3" assertions="1" time="0.000741"/>
        <testcase name="testMatchWithAllHttpMethods with data set #4" assertions="1" time="0.000780"/>
        <testcase name="testMatchWithAllHttpMethods with data set #5" assertions="1" time="0.000740"/>
        <testcase name="testMatchWithAllHttpMethods with data set #6" assertions="1" time="0.000725"/>
        <testcase name="testMatchWithAllHttpMethods with data set #7" assertions="1" time="0.000732"/>
        <testcase name="testMatchWithAllHttpMethods with data set #8" assertions="1" time="0.000736"/>
        <testcase name="testMatchWithAllHttpMethods with data set #9" assertions="1" time="0.000736"/>
        <testcase name="testMatchWithAllHttpMethods with data set #10" assertions="1" time="0.000742"/>
        <testcase name="testMatchWithAllHttpMethods with data set #11" assertions="1" time="0.000724"/>
        <testcase name="testMatchWithAllHttpMethods with data set #12" assertions="1" time="0.000720"/>
        <testcase name="testMatchWithAllHttpMethods with data set #13" assertions="1" time="0.000863"/>
        <testcase name="testMatchWithAllHttpMethods with data set #14" assertions="1" time="0.000927"/>
        <testcase name="testMatchWithAllHttpMethods with data set #15" assertions="1" time="0.000911"/>
        <testcase name="testMatchWithAllHttpMethods with data set #16" assertions="1" time="0.000920"/>
        <testcase name="testMatchWithAllHttpMethods with data set #17" assertions="1" time="0.000905"/>
        <testcase name="testMatchWithAllHttpMethods with data set #18" assertions="1" time="0.000883"/>
        <testcase name="testMatchWithAllHttpMethods with data set #19" assertions="1" time="0.000918"/>
        <testcase name="testMatchWithAllHttpMethods with data set #20" assertions="1" time="0.000917"/>
      </testsuite>
      <testsuite name="ZendTest\Expressive\RouteMiddlewareTest::testWithOnlyRootPathRouteDefinedRoutingToSubPathsShouldReturn404" tests="3" assertions="6" failures="0" errors="0" time="0.003397">
        <testcase name="testWithOnlyRootPathRouteDefinedRoutingToSubPathsShouldReturn404 with data set &quot;aura&quot;" assertions="2" time="0.000840"/>
        <testcase name="testWithOnlyRootPathRouteDefinedRoutingToSubPathsShouldReturn404 with data set &quot;fast-route&quot;" assertions="2" time="0.001123"/>
        <testcase name="testWithOnlyRootPathRouteDefinedRoutingToSubPathsShouldReturn404 with data set &quot;zf2&quot;" assertions="2" time="0.001434"/>
      </testsuite>
      <testcase name="testInjectsRouteResultAsAttribute" class="ZendTest\Expressive\RouteMiddlewareTest" file="/var/lib/jenkins/workspace/CI-symfony1/test/RouteMiddlewareTest.php" line="594" assertions="5" time="0.000751"/>
      <testcase name="testMiddlewareTriggersObserversWithSuccessfulRouteResult" class="ZendTest\Expressive\RouteMiddlewareTest" file="/var/lib/jenkins/workspace/CI-symfony1/test/RouteMiddlewareTest.php" line="624" assertions="2" time="0.001268"/>
      <testcase name="testCanDetachRouteResultObservers" class="ZendTest\Expressive\RouteMiddlewareTest" file="/var/lib/jenkins/workspace/CI-symfony1/test/RouteMiddlewareTest.php" line="659" assertions="2" time="0.000999"/>
      <testcase name="testDetachedRouteResultObserverIsNotTriggered" class="ZendTest\Expressive\RouteMiddlewareTest" file="/var/lib/jenkins/workspace/CI-symfony1/test/RouteMiddlewareTest.php" line="671" assertions="4" time="0.000924"/>
      <testcase name="testDetachingUnrecognizedRouteResultObserverDoesNothing" class="ZendTest\Expressive\RouteMiddlewareTest" file="/var/lib/jenkins/workspace/CI-symfony1/test/RouteMiddlewareTest.php" line="709" assertions="3" time="0.000912"/>
    </testsuite>
    <testsuite name="ZendTest\Expressive\TemplatedErrorHandlerTest" file="/var/lib/jenkins/workspace/CI-symfony1/test/TemplatedErrorHandlerTest.php" tests="21" assertions="24" failures="0" errors="0" time="0.044727">
      <testcase name="testCanBeInstantiatedWithNoArguments" class="ZendTest\Expressive\TemplatedErrorHandlerTest" file="/var/lib/jenkins/workspace/CI-symfony1/test/TemplatedErrorHandlerTest.php" line="54" assertions="1" time="0.000066"/>
      <testcase name="testCanBeInstantiatedWithTemplateImplementation" class="ZendTest\Expressive\TemplatedErrorHandlerTest" file="/var/lib/jenkins/workspace/CI-symfony1/test/TemplatedErrorHandlerTest.php" line="60" assertions="1" time="0.000393"/>
      <testcase name="testOriginalResponseIsNullByDefault" class="ZendTest\Expressive\TemplatedErrorHandlerTest" file="/var/lib/jenkins/workspace/CI-symfony1/test/TemplatedErrorHandlerTest.php" line="67" assertions="1" time="0.000055"/>
      <testcase name="testOriginalResponseCanBeInjectedAtInstantiation" class="ZendTest\Expressive\TemplatedErrorHandlerTest" file="/var/lib/jenkins/workspace/CI-symfony1/test/TemplatedErrorHandlerTest.php" line="73" assertions="2" time="0.001060"/>
      <testcase name="testInvocationWithoutErrorAndPositiveStreamSizeReturnsResponse" class="ZendTest\Expressive\TemplatedErrorHandlerTest" file="/var/lib/jenkins/workspace/CI-symfony1/test/TemplatedErrorHandlerTest.php" line="86" assertions="1" time="0.002152"/>
      <testcase name="testInvocationWithoutErrorAndEmptyResponseReturns404Response" class="ZendTest\Expressive\TemplatedErrorHandlerTest" file="/var/lib/jenkins/workspace/CI-symfony1/test/TemplatedErrorHandlerTest.php" line="100" assertions="1" time="0.003181"/>
      <testcase name="testInvocationWithoutErrorAndResponseSameAsOriginalReturns404Response" class="ZendTest\Expressive\TemplatedErrorHandlerTest" file="/var/lib/jenkins/workspace/CI-symfony1/test/TemplatedErrorHandlerTest.php" line="118" assertions="1" time="0.003132"/>
      <testcase name="testInvocationWithoutErrorAndResponseSameAsOriginalWithNewBodyContentsReturnsResponse" class="ZendTest\Expressive\TemplatedErrorHandlerTest" file="/var/lib/jenkins/workspace/CI-symfony1/test/TemplatedErrorHandlerTest.php" line="141" assertions="1" time="0.002220"/>
      <testcase name="testInvocationWithoutErrorAndResponseDifferentThanOriginalReturnsResponse" class="ZendTest\Expressive\TemplatedErrorHandlerTest" file="/var/lib/jenkins/workspace/CI-symfony1/test/TemplatedErrorHandlerTest.php" line="165" assertions="1" time="0.003315"/>
      <testcase name="testInvocationWithoutErrorAndEmptyResponseCanReturnTemplated404Response" class="ZendTest\Expressive\TemplatedErrorHandlerTest" file="/var/lib/jenkins/workspace/CI-symfony1/test/TemplatedErrorHandlerTest.php" line="189" assertions="2" time="0.002666"/>
      <testcase name="testInvocationWithoutErrorAndResponseSameAsOriginalCanReturnTemplated404Response" class="ZendTest\Expressive\TemplatedErrorHandlerTest" file="/var/lib/jenkins/workspace/CI-symfony1/test/TemplatedErrorHandlerTest.php" line="236" assertions="2" time="0.002660"/>
      <testcase name="testNonExceptionErrorReturnsResponseWith500StatusWhenNoTemplatingInjected" class="ZendTest\Expressive\TemplatedErrorHandlerTest" file="/var/lib/jenkins/workspace/CI-symfony1/test/TemplatedErrorHandlerTest.php" line="287" assertions="1" time="0.002171"/>
      <testcase name="testExceptionErrorReturnsResponseWith500StatusWhenNoTemplatingInjected" class="ZendTest\Expressive\TemplatedErrorHandlerTest" file="/var/lib/jenkins/workspace/CI-symfony1/test/TemplatedErrorHandlerTest.php" line="303" assertions="1" time="0.002162"/>
      <testsuite name="ZendTest\Expressive\TemplatedErrorHandlerTest::testExceptionErrorUsesExceptionCodeAsStatusIfValidHTTPErrorStatus" tests="4" assertions="0" failures="0" errors="0" time="0.008828">
        <testcase name="testExceptionErrorUsesExceptionCodeAsStatusIfValidHTTPErrorStatus with data set #400" assertions="0" time="0.002168"/>
        <testcase name="testExceptionErrorUsesExceptionCodeAsStatusIfValidHTTPErrorStatus with data set #401" assertions="0" time="0.002212"/>
        <testcase name="testExceptionErrorUsesExceptionCodeAsStatusIfValidHTTPErrorStatus with data set #598" assertions="0" time="0.002245"/>
        <testcase name="testExceptionErrorUsesExceptionCodeAsStatusIfValidHTTPErrorStatus with data set #599" assertions="0" time="0.002203"/>
      </testsuite>
      <testsuite name="ZendTest\Expressive\TemplatedErrorHandlerTest::testInvalidExceptionErrorCodeDefaultsToHTTP500Status" tests="2" assertions="0" failures="0" errors="0" time="0.004432">
        <testcase name="testInvalidExceptionErrorCodeDefaultsToHTTP500Status with data set #399" assertions="0" time="0.002216"/>
        <testcase name="testInvalidExceptionErrorCodeDefaultsToHTTP500Status with data set #600" assertions="0" time="0.002216"/>
      </testsuite>
      <testsuite name="ZendTest\Expressive\TemplatedErrorHandlerTest::testReturns500ResponseWithNewStreamWhenReturningAnErrorResponse" tests="2" assertions="8" failures="0" errors="0" time="0.006234">
        <testcase name="testReturns500ResponseWithNewStreamWhenReturningAnErrorResponse with data set &quot;error&quot;" assertions="4" time="0.003373"/>
        <testcase name="testReturns500ResponseWithNewStreamWhenReturningAnErrorResponse with data set &quot;exception&quot;" assertions="4" time="0.002861"/>
      </testsuite>
    </testsuite>
    <testsuite name="ZendTest\Expressive\WhoopsErrorHandlerTest" file="/var/lib/jenkins/workspace/CI-symfony1/test/WhoopsErrorHandlerTest.php" tests="3" assertions="23" failures="0" errors="0" time="0.018277">
      <testcase name="testInstantiationRequiresWhoopsAndPageHandler" class="ZendTest\Expressive\WhoopsErrorHandlerTest" file="/var/lib/jenkins/workspace/CI-symfony1/test/WhoopsErrorHandlerTest.php" line="44" assertions="2" time="0.003095"/>
      <testcase name="testExceptionErrorPreparesPageHandlerAndInvokesWhoops" class="ZendTest\Expressive\WhoopsErrorHandlerTest" file="/var/lib/jenkins/workspace/CI-symfony1/test/WhoopsErrorHandlerTest.php" line="55" assertions="14" time="0.005876"/>
      <testcase name="testOriginalRequestIsPulledFromStratigilityRequest" class="ZendTest\Expressive\WhoopsErrorHandlerTest" file="/var/lib/jenkins/workspace/CI-symfony1/test/WhoopsErrorHandlerTest.php" line="101" assertions="7" time="0.009306"/>
    </testsuite>
  </testsuite>
</testsuites>
